SF:lib/src/subjects/behavior_event_channel.dart
DA:16,1
DA:19,1
DA:28,1
DA:35,1
LF:4
LH:4
end_of_record
SF:lib/src/subjects/publish_event_channel.dart
DA:17,1
DA:20,1
DA:29,1
DA:36,1
LF:4
LH:4
end_of_record
SF:lib/src/subjects/replay_event_channel.dart
DA:16,1
DA:19,1
DA:27,1
DA:34,1
LF:4
LH:4
end_of_record
SF:lib/src/subjects/subject_event_channel.dart
DA:14,3
DA:28,3
DA:30,6
DA:54,3
DA:56,9
DA:58,6
DA:59,12
DA:61,0
DA:64,9
DA:65,3
DA:66,3
DA:72,3
DA:74,0
DA:78,0
DA:79,0
DA:82,3
DA:83,9
DA:85,3
DA:87,0
DA:91,0
DA:92,0
DA:96,3
DA:107,3
DA:108,3
DA:109,0
DA:110,6
LF:26
LH:18
end_of_record
